<?xml version="1.0" encoding="UTF-8"?>
<!-- Generated by org.testng.reporters.JUnitReportReporter -->
<testsuite hostname="FACULTY-3F-1G" failures="0" tests="1" name="com.section2.DemoTestng" time="0.011" errors="0" timestamp="2022-05-13T17:20:37 IST" skipped="0">
  <testcase classname="com.section2.DemoTestng" name="checkAssert" time="0.011"/>
  <system-out/>
</testsuite> <!-- com.section2.DemoTestng -->
