<?xml version="1.0" encoding="UTF-8"?>
<!-- Generated by org.testng.reporters.JUnitReportReporter -->
<testsuite hostname="FACULTY-3F-1G" failures="0" tests="3" name="com.section2.DemoDataprovider" time="21.371" errors="0" timestamp="2022-05-17T17:20:45 IST" skipped="0">
  <testcase classname="com.section2.DemoDataprovider" name="loginApp" time="7.269"/>
  <system-out/>
  <testcase classname="com.section2.DemoDataprovider" name="loginApp" time="7.062"/>
  <system-out/>
  <testcase classname="com.section2.DemoDataprovider" name="loginApp" time="7.040"/>
  <system-out/>
</testsuite> <!-- com.section2.DemoDataprovider -->
