<?xml version="1.0" encoding="UTF-8"?>
<!-- Generated by org.testng.reporters.JUnitReportReporter -->
<testsuite hostname="FACULTY-3F-1G" failures="0" tests="1" name="ocsa7.testscript.Report" time="17.410" errors="0" timestamp="2022-05-18T17:15:08 IST" skipped="0">
  <testcase classname="ocsa7.testscript.Report" name="reportTitle" time="17.410"/>
  <system-out/>
</testsuite> <!-- ocsa7.testscript.Report -->
