<?xml version="1.0" encoding="UTF-8"?>
<!-- Generated by org.testng.reporters.JUnitReportReporter -->
<testsuite hostname="FACULTY-3F-1G" failures="0" tests="2" name="ocsa7.testscript.ActitimeVersion" time="30.503" errors="0" timestamp="2022-05-16T17:41:16 IST" skipped="0">
  <testcase classname="ocsa7.testscript.ActitimeVersion" name="fetchVersion" time="15.505"/>
  <system-out/>
  <testcase classname="ocsa7.testscript.ActitimeVersion" name="fetchVersion" time="14.998"/>
  <system-out/>
</testsuite> <!-- ocsa7.testscript.ActitimeVersion -->
