<?xml version="1.0" encoding="UTF-8"?>
<!-- Generated by org.testng.reporters.JUnitReportReporter -->
<testsuite hostname="FACULTY-3F-1G" failures="0" tests="1" name="ocsa7.testscript.ActititmeVersion" time="12.413" errors="0" timestamp="2022-05-16T16:22:56 IST" skipped="0">
  <testcase classname="ocsa7.testscript.ActititmeVersion" name="fetchVersion" time="12.413"/>
  <system-out/>
</testsuite> <!-- ocsa7.testscript.ActititmeVersion -->
